<?xml version="1.0" encoding="UTF-8"?>
<!-- Generated by org.testng.reporters.JUnitReportReporter -->
<testsuite skipped="0" hostname="DESKTOP-0EHBFCG" name="com.qa.hs.tests.LoginTest" tests="2" failures="0" timestamp="21 Mar 2021 07:47:23 GMT" time="38.631" errors="0">
  <testcase name="loginTest" time="7.325" classname="com.qa.hs.tests.LoginTest"/>
  <testcase name="signUpTest" time="31.306" classname="com.qa.hs.tests.LoginTest"/>
</testsuite> <!-- com.qa.hs.tests.LoginTest -->
